[debug] [2025-03-04T20:18:39.359Z] ----------------------------------------------------------------------
[debug] [2025-03-04T20:18:39.361Z] Command:       /Users/T/.nvm/versions/node/v20.17.0/bin/node /Users/T/.nvm/versions/node/v20.17.0/bin/firebase emulators:start
[debug] [2025-03-04T20:18:39.361Z] CLI Version:   13.32.0
[debug] [2025-03-04T20:18:39.361Z] Platform:      darwin
[debug] [2025-03-04T20:18:39.361Z] Node Version:  v20.17.0
[debug] [2025-03-04T20:18:39.361Z] Time:          Wed Mar 05 2025 01:48:39 GMT+0530 (India Standard Time)
[debug] [2025-03-04T20:18:39.361Z] ----------------------------------------------------------------------
[debug] 
[debug] [2025-03-04T20:18:39.529Z] > command requires scopes: ["email","openid","https://www.googleapis.com/auth/cloudplatformprojects.readonly","https://www.googleapis.com/auth/firebase","https://www.googleapis.com/auth/cloud-platform"]
[debug] [2025-03-04T20:18:39.529Z] > authorizing via signed-in user (tirthpandya1@gmail.com)
[debug] [2025-03-04T20:18:39.727Z] openjdk version "21.0.4" 2024-07-16 LTS

[debug] [2025-03-04T20:18:39.728Z] OpenJDK Runtime Environment Zulu21.36+17-CA (build 21.0.4+7-LTS)
OpenJDK 64-Bit Server VM Zulu21.36+17-CA (build 21.0.4+7-LTS, mixed mode, sharing)

[debug] [2025-03-04T20:18:39.734Z] Parsed Java major version: 21
[info] i  emulators: Starting emulators: auth, firestore {"metadata":{"emulator":{"name":"hub"},"message":"Starting emulators: auth, firestore"}}
[debug] [2025-03-04T20:18:40.343Z] [logging] Logging Emulator only supports listening on one address (127.0.0.1). Not listening on ::1
[debug] [2025-03-04T20:18:40.343Z] [auth] Authentication Emulator only supports listening on one address (127.0.0.1). Not listening on ::1
[debug] [2025-03-04T20:18:40.343Z] [firestore] Firestore Emulator only supports listening on one address (127.0.0.1). Not listening on ::1
[debug] [2025-03-04T20:18:40.343Z] [firestore.websocket] websocket server for firestore only supports listening on one address (127.0.0.1). Not listening on ::1
[debug] [2025-03-04T20:18:40.343Z] assigned listening specs for emulators {"user":{"hub":[{"address":"127.0.0.1","family":"IPv4","port":4400},{"address":"::1","family":"IPv6","port":4400}],"ui":[{"address":"127.0.0.1","family":"IPv4","port":4000},{"address":"::1","family":"IPv6","port":4000}],"logging":[{"address":"127.0.0.1","family":"IPv4","port":4500}],"auth":[{"address":"127.0.0.1","family":"IPv4","port":9099}],"firestore":[{"address":"127.0.0.1","family":"IPv4","port":8080}],"firestore.websocket":[{"address":"127.0.0.1","family":"IPv4","port":9150}]},"metadata":{"message":"assigned listening specs for emulators"}}
[debug] [2025-03-04T20:18:40.346Z] [hub] writing locator at /var/folders/9k/0fh2z1yx73zdmrzgyplhmg8c0000gn/T/hub-greatindianwaffleapp.json
[warn] ⚠  firestore: Cloud Firestore Emulator does not support multiple databases yet. {"metadata":{"emulator":{"name":"firestore"},"message":"Cloud Firestore Emulator does not support multiple databases yet."}}
[warn] ⚠  firestore: Did not find a Cloud Firestore rules file specified in a firebase.json config file. {"metadata":{"emulator":{"name":"firestore"},"message":"Did not find a Cloud Firestore rules file specified in a firebase.json config file."}}
[warn] ⚠  firestore: The emulator will default to allowing all reads and writes. Learn more about this option: https://firebase.google.com/docs/emulator-suite/install_and_configure#security_rules_configuration. {"metadata":{"emulator":{"name":"firestore"},"message":"The emulator will default to allowing all reads and writes. Learn more about this option: https://firebase.google.com/docs/emulator-suite/install_and_configure#security_rules_configuration."}}
[debug] [2025-03-04T20:18:40.350Z] Ignoring unsupported arg: auto_download {"metadata":{"emulator":{"name":"firestore"},"message":"Ignoring unsupported arg: auto_download"}}
[debug] [2025-03-04T20:18:40.350Z] Ignoring unsupported arg: single_project_mode_error {"metadata":{"emulator":{"name":"firestore"},"message":"Ignoring unsupported arg: single_project_mode_error"}}
[debug] [2025-03-04T20:18:40.350Z] Starting Firestore Emulator with command {"binary":"java","args":["-Dgoogle.cloud_firestore.debug_log_level=FINE","-Duser.language=en","-jar","/Users/T/.cache/firebase/emulators/cloud-firestore-emulator-v1.19.8.jar","--host","127.0.0.1","--port",8080,"--websocket_port",9150,"--project_id","greatindianwaffleapp","--single_project_mode",true],"optionalArgs":["port","webchannel_port","host","rules","websocket_port","functions_emulator","seed_from_export","project_id","single_project_mode"],"joinArgs":false,"shell":false,"port":8080} {"metadata":{"emulator":{"name":"firestore"},"message":"Starting Firestore Emulator with command {\"binary\":\"java\",\"args\":[\"-Dgoogle.cloud_firestore.debug_log_level=FINE\",\"-Duser.language=en\",\"-jar\",\"/Users/T/.cache/firebase/emulators/cloud-firestore-emulator-v1.19.8.jar\",\"--host\",\"127.0.0.1\",\"--port\",8080,\"--websocket_port\",9150,\"--project_id\",\"greatindianwaffleapp\",\"--single_project_mode\",true],\"optionalArgs\":[\"port\",\"webchannel_port\",\"host\",\"rules\",\"websocket_port\",\"functions_emulator\",\"seed_from_export\",\"project_id\",\"single_project_mode\"],\"joinArgs\":false,\"shell\":false,\"port\":8080}"}}
[info] i  firestore: Firestore Emulator logging to firestore-debug.log {"metadata":{"emulator":{"name":"firestore"},"message":"Firestore Emulator logging to \u001b[1mfirestore-debug.log\u001b[22m"}}
[debug] [2025-03-04T20:18:41.242Z] Mar 05, 2025 1:48:41 AM com.google.cloud.datastore.emulator.firestore.websocket.WebSocketServer start
INFO: Started WebSocket server on ws://127.0.0.1:9150
 {"metadata":{"emulator":{"name":"firestore"},"message":"Mar 05, 2025 1:48:41 AM com.google.cloud.datastore.emulator.firestore.websocket.WebSocketServer start\nINFO: Started WebSocket server on ws://127.0.0.1:9150\n"}}
[debug] [2025-03-04T20:18:41.259Z] API endpoint: http:// {"metadata":{"emulator":{"name":"firestore"},"message":"API endpoint: http://"}}
[debug] [2025-03-04T20:18:41.259Z] 127.0.0.1:8080
If you are using a library that supports the FIRESTORE_EMULATOR_HOST environment variable, run:

   export FIRESTORE_EMULATOR_HOST=127.0.0.1:8080

If you are running a Firestore in Datastore Mode project, run:

   export DATASTORE_EMULATOR_HOST=127.0.0.1:8080

Note: Support for Datastore Mode is in preview. If you encounter any bugs please file at https://github.com/firebase/firebase-tools/issues.
Dev App Server is now running.

 {"metadata":{"emulator":{"name":"firestore"},"message":"127.0.0.1:8080\nIf you are using a library that supports the FIRESTORE_EMULATOR_HOST environment variable, run:\n\n   export FIRESTORE_EMULATOR_HOST=127.0.0.1:8080\n\nIf you are running a Firestore in Datastore Mode project, run:\n\n   export DATASTORE_EMULATOR_HOST=127.0.0.1:8080\n\nNote: Support for Datastore Mode is in preview. If you encounter any bugs please file at https://github.com/firebase/firebase-tools/issues.\nDev App Server is now running.\n\n"}}
[info] ✔  firestore: Firestore Emulator UI websocket is running on 9150. {"metadata":{"emulator":{"name":"firestore"},"message":"Firestore Emulator UI websocket is running on 9150."}}
[info] i  ui: downloading ui-v1.14.0.zip... {"metadata":{"emulator":{"name":"ui"},"message":"downloading ui-v1.14.0.zip..."}}
[debug] [2025-03-04T20:18:45.541Z] >>> [apiv2][query] GET https://storage.googleapis.com/firebase-preview-drop/emulator/ui-v1.14.0.zip 
[debug] [2025-03-04T20:18:45.631Z] <<< [apiv2][status] GET https://storage.googleapis.com/firebase-preview-drop/emulator/ui-v1.14.0.zip 200
[debug] [2025-03-04T20:18:45.631Z] <<< [apiv2][body] GET https://storage.googleapis.com/firebase-preview-drop/emulator/ui-v1.14.0.zip [stream]
[debug] [2025-03-04T20:18:45.849Z] Data is 3615311
[debug] [2025-03-04T20:18:45.849Z] [unzip] Entry: client/ (compressed_size=0 bytes, uncompressed_size=0 bytes)
[debug] [2025-03-04T20:18:45.849Z] [unzip] Processing entry: client/
[debug] [2025-03-04T20:18:45.849Z] [unzip] mkdir: /Users/T/.cache/firebase/emulators/ui-v1.14.0/client/
[debug] [2025-03-04T20:18:45.850Z] [unzip] Entry: client/favicon-16x16.png (compressed_size=293 bytes, uncompressed_size=293 bytes)
[debug] [2025-03-04T20:18:45.850Z] [unzip] Processing entry: client/favicon-16x16.png
[debug] [2025-03-04T20:18:45.850Z] [unzip] else mkdir: /Users/T/.cache/firebase/emulators/ui-v1.14.0/client
[debug] [2025-03-04T20:18:45.850Z] [unzip] Writing file: /Users/T/.cache/firebase/emulators/ui-v1.14.0/client/favicon-16x16.png
[debug] [2025-03-04T20:18:45.851Z] [unzip] Entry: client/safari-pinned-tab.svg (compressed_size=1433 bytes, uncompressed_size=2611 bytes)
[debug] [2025-03-04T20:18:45.851Z] [unzip] Processing entry: client/safari-pinned-tab.svg
[debug] [2025-03-04T20:18:45.851Z] [unzip] else mkdir: /Users/T/.cache/firebase/emulators/ui-v1.14.0/client
[debug] [2025-03-04T20:18:45.851Z] [unzip] deflating: /Users/T/.cache/firebase/emulators/ui-v1.14.0/client/safari-pinned-tab.svg
[debug] [2025-03-04T20:18:45.854Z] [unzip] Entry: client/favicon.ico (compressed_size=2933 bytes, uncompressed_size=13294 bytes)
[debug] [2025-03-04T20:18:45.854Z] [unzip] Processing entry: client/favicon.ico
[debug] [2025-03-04T20:18:45.854Z] [unzip] else mkdir: /Users/T/.cache/firebase/emulators/ui-v1.14.0/client
[debug] [2025-03-04T20:18:45.854Z] [unzip] deflating: /Users/T/.cache/firebase/emulators/ui-v1.14.0/client/favicon.ico
[debug] [2025-03-04T20:18:45.855Z] [unzip] Entry: client/index.html (compressed_size=1363 bytes, uncompressed_size=3071 bytes)
[debug] [2025-03-04T20:18:45.855Z] [unzip] Processing entry: client/index.html
[debug] [2025-03-04T20:18:45.855Z] [unzip] else mkdir: /Users/T/.cache/firebase/emulators/ui-v1.14.0/client
[debug] [2025-03-04T20:18:45.855Z] [unzip] deflating: /Users/T/.cache/firebase/emulators/ui-v1.14.0/client/index.html
[debug] [2025-03-04T20:18:45.855Z] [unzip] Entry: client/android-chrome-192x192.png (compressed_size=2684 bytes, uncompressed_size=2684 bytes)
[debug] [2025-03-04T20:18:45.855Z] [unzip] Processing entry: client/android-chrome-192x192.png
[debug] [2025-03-04T20:18:45.855Z] [unzip] else mkdir: /Users/T/.cache/firebase/emulators/ui-v1.14.0/client
[debug] [2025-03-04T20:18:45.855Z] [unzip] Writing file: /Users/T/.cache/firebase/emulators/ui-v1.14.0/client/android-chrome-192x192.png
[debug] [2025-03-04T20:18:45.856Z] [unzip] Entry: client/apple-touch-icon.png (compressed_size=2123 bytes, uncompressed_size=2152 bytes)
[debug] [2025-03-04T20:18:45.856Z] [unzip] Processing entry: client/apple-touch-icon.png
[debug] [2025-03-04T20:18:45.856Z] [unzip] else mkdir: /Users/T/.cache/firebase/emulators/ui-v1.14.0/client
[debug] [2025-03-04T20:18:45.856Z] [unzip] deflating: /Users/T/.cache/firebase/emulators/ui-v1.14.0/client/apple-touch-icon.png
[debug] [2025-03-04T20:18:45.856Z] [unzip] Entry: client/android-chrome-512x512.png (compressed_size=5369 bytes, uncompressed_size=5411 bytes)
[debug] [2025-03-04T20:18:45.856Z] [unzip] Processing entry: client/android-chrome-512x512.png
[debug] [2025-03-04T20:18:45.856Z] [unzip] else mkdir: /Users/T/.cache/firebase/emulators/ui-v1.14.0/client
[debug] [2025-03-04T20:18:45.856Z] [unzip] deflating: /Users/T/.cache/firebase/emulators/ui-v1.14.0/client/android-chrome-512x512.png
[debug] [2025-03-04T20:18:45.857Z] [unzip] Entry: client/manifest.json (compressed_size=245 bytes, uncompressed_size=551 bytes)
[debug] [2025-03-04T20:18:45.857Z] [unzip] Processing entry: client/manifest.json
[debug] [2025-03-04T20:18:45.857Z] [unzip] else mkdir: /Users/T/.cache/firebase/emulators/ui-v1.14.0/client
[debug] [2025-03-04T20:18:45.857Z] [unzip] deflating: /Users/T/.cache/firebase/emulators/ui-v1.14.0/client/manifest.json
[debug] [2025-03-04T20:18:45.858Z] [unzip] Entry: client/robots.txt (compressed_size=26 bytes, uncompressed_size=26 bytes)
[debug] [2025-03-04T20:18:45.858Z] [unzip] Processing entry: client/robots.txt
[debug] [2025-03-04T20:18:45.858Z] [unzip] else mkdir: /Users/T/.cache/firebase/emulators/ui-v1.14.0/client
[debug] [2025-03-04T20:18:45.858Z] [unzip] Writing file: /Users/T/.cache/firebase/emulators/ui-v1.14.0/client/robots.txt
[debug] [2025-03-04T20:18:45.858Z] [unzip] Entry: client/mstile-150x150.png (compressed_size=2034 bytes, uncompressed_size=2034 bytes)
[debug] [2025-03-04T20:18:45.858Z] [unzip] Processing entry: client/mstile-150x150.png
[debug] [2025-03-04T20:18:45.858Z] [unzip] else mkdir: /Users/T/.cache/firebase/emulators/ui-v1.14.0/client
[debug] [2025-03-04T20:18:45.858Z] [unzip] Writing file: /Users/T/.cache/firebase/emulators/ui-v1.14.0/client/mstile-150x150.png
[debug] [2025-03-04T20:18:45.859Z] [unzip] Entry: client/assets/ (compressed_size=0 bytes, uncompressed_size=0 bytes)
[debug] [2025-03-04T20:18:45.859Z] [unzip] Processing entry: client/assets/
[debug] [2025-03-04T20:18:45.859Z] [unzip] mkdir: /Users/T/.cache/firebase/emulators/ui-v1.14.0/client/assets/
[debug] [2025-03-04T20:18:45.859Z] [unzip] Entry: client/assets/index-ClZTY_JS.js.map (compressed_size=2328270 bytes, uncompressed_size=9947004 bytes)
[debug] [2025-03-04T20:18:45.859Z] [unzip] Processing entry: client/assets/index-ClZTY_JS.js.map
[debug] [2025-03-04T20:18:45.859Z] [unzip] else mkdir: /Users/T/.cache/firebase/emulators/ui-v1.14.0/client/assets
[debug] [2025-03-04T20:18:45.859Z] [unzip] deflating: /Users/T/.cache/firebase/emulators/ui-v1.14.0/client/assets/index-ClZTY_JS.js.map
[debug] [2025-03-04T20:18:45.892Z] [unzip] Entry: client/assets/index-ClZTY_JS.js (compressed_size=567195 bytes, uncompressed_size=2035940 bytes)
[debug] [2025-03-04T20:18:45.892Z] [unzip] Processing entry: client/assets/index-ClZTY_JS.js
[debug] [2025-03-04T20:18:45.892Z] [unzip] else mkdir: /Users/T/.cache/firebase/emulators/ui-v1.14.0/client/assets
[debug] [2025-03-04T20:18:45.892Z] [unzip] deflating: /Users/T/.cache/firebase/emulators/ui-v1.14.0/client/assets/index-ClZTY_JS.js
[debug] [2025-03-04T20:18:45.901Z] [unzip] Entry: client/assets/index-BdgySamB.css (compressed_size=35979 bytes, uncompressed_size=298654 bytes)
[debug] [2025-03-04T20:18:45.901Z] [unzip] Processing entry: client/assets/index-BdgySamB.css
[debug] [2025-03-04T20:18:45.901Z] [unzip] else mkdir: /Users/T/.cache/firebase/emulators/ui-v1.14.0/client/assets
[debug] [2025-03-04T20:18:45.901Z] [unzip] deflating: /Users/T/.cache/firebase/emulators/ui-v1.14.0/client/assets/index-BdgySamB.css
[debug] [2025-03-04T20:18:45.903Z] [unzip] Entry: client/assets/extensions/ (compressed_size=0 bytes, uncompressed_size=0 bytes)
[debug] [2025-03-04T20:18:45.903Z] [unzip] Processing entry: client/assets/extensions/
[debug] [2025-03-04T20:18:45.903Z] [unzip] mkdir: /Users/T/.cache/firebase/emulators/ui-v1.14.0/client/assets/extensions/
[debug] [2025-03-04T20:18:45.903Z] [unzip] Entry: client/assets/extensions/default-extension.png (compressed_size=1646 bytes, uncompressed_size=1657 bytes)
[debug] [2025-03-04T20:18:45.903Z] [unzip] Processing entry: client/assets/extensions/default-extension.png
[debug] [2025-03-04T20:18:45.903Z] [unzip] else mkdir: /Users/T/.cache/firebase/emulators/ui-v1.14.0/client/assets/extensions
[debug] [2025-03-04T20:18:45.903Z] [unzip] deflating: /Users/T/.cache/firebase/emulators/ui-v1.14.0/client/assets/extensions/default-extension.png
[debug] [2025-03-04T20:18:45.904Z] [unzip] Entry: client/assets/img/ (compressed_size=0 bytes, uncompressed_size=0 bytes)
[debug] [2025-03-04T20:18:45.904Z] [unzip] Processing entry: client/assets/img/
[debug] [2025-03-04T20:18:45.904Z] [unzip] mkdir: /Users/T/.cache/firebase/emulators/ui-v1.14.0/client/assets/img/
[debug] [2025-03-04T20:18:45.904Z] [unzip] Entry: client/assets/img/database.png (compressed_size=29449 bytes, uncompressed_size=29988 bytes)
[debug] [2025-03-04T20:18:45.904Z] [unzip] Processing entry: client/assets/img/database.png
[debug] [2025-03-04T20:18:45.904Z] [unzip] else mkdir: /Users/T/.cache/firebase/emulators/ui-v1.14.0/client/assets/img
[debug] [2025-03-04T20:18:45.904Z] [unzip] deflating: /Users/T/.cache/firebase/emulators/ui-v1.14.0/client/assets/img/database.png
[debug] [2025-03-04T20:18:45.905Z] [unzip] Entry: client/assets/provider-icons/ (compressed_size=0 bytes, uncompressed_size=0 bytes)
[debug] [2025-03-04T20:18:45.905Z] [unzip] Processing entry: client/assets/provider-icons/
[debug] [2025-03-04T20:18:45.905Z] [unzip] mkdir: /Users/T/.cache/firebase/emulators/ui-v1.14.0/client/assets/provider-icons/
[debug] [2025-03-04T20:18:45.905Z] [unzip] Entry: client/assets/provider-icons/auth_service_saml.svg (compressed_size=575 bytes, uncompressed_size=1226 bytes)
[debug] [2025-03-04T20:18:45.905Z] [unzip] Processing entry: client/assets/provider-icons/auth_service_saml.svg
[debug] [2025-03-04T20:18:45.905Z] [unzip] else mkdir: /Users/T/.cache/firebase/emulators/ui-v1.14.0/client/assets/provider-icons
[debug] [2025-03-04T20:18:45.905Z] [unzip] deflating: /Users/T/.cache/firebase/emulators/ui-v1.14.0/client/assets/provider-icons/auth_service_saml.svg
[debug] [2025-03-04T20:18:45.906Z] [unzip] Entry: client/assets/provider-icons/auth_service_phone.svg (compressed_size=261 bytes, uncompressed_size=414 bytes)
[debug] [2025-03-04T20:18:45.906Z] [unzip] Processing entry: client/assets/provider-icons/auth_service_phone.svg
[debug] [2025-03-04T20:18:45.906Z] [unzip] else mkdir: /Users/T/.cache/firebase/emulators/ui-v1.14.0/client/assets/provider-icons
[debug] [2025-03-04T20:18:45.906Z] [unzip] deflating: /Users/T/.cache/firebase/emulators/ui-v1.14.0/client/assets/provider-icons/auth_service_phone.svg
[debug] [2025-03-04T20:18:45.906Z] [unzip] Entry: client/assets/provider-icons/auth_service_facebook.svg (compressed_size=289 bytes, uncompressed_size=457 bytes)
[debug] [2025-03-04T20:18:45.906Z] [unzip] Processing entry: client/assets/provider-icons/auth_service_facebook.svg
[debug] [2025-03-04T20:18:45.906Z] [unzip] else mkdir: /Users/T/.cache/firebase/emulators/ui-v1.14.0/client/assets/provider-icons
[debug] [2025-03-04T20:18:45.906Z] [unzip] deflating: /Users/T/.cache/firebase/emulators/ui-v1.14.0/client/assets/provider-icons/auth_service_facebook.svg
[debug] [2025-03-04T20:18:45.906Z] [unzip] Entry: client/assets/provider-icons/auth_service_game_center.svg (compressed_size=991 bytes, uncompressed_size=3921 bytes)
[debug] [2025-03-04T20:18:45.906Z] [unzip] Processing entry: client/assets/provider-icons/auth_service_game_center.svg
[debug] [2025-03-04T20:18:45.906Z] [unzip] else mkdir: /Users/T/.cache/firebase/emulators/ui-v1.14.0/client/assets/provider-icons
[debug] [2025-03-04T20:18:45.907Z] [unzip] deflating: /Users/T/.cache/firebase/emulators/ui-v1.14.0/client/assets/provider-icons/auth_service_game_center.svg
[debug] [2025-03-04T20:18:45.907Z] [unzip] Entry: client/assets/provider-icons/auth_service_apple.svg (compressed_size=230 bytes, uncompressed_size=334 bytes)
[debug] [2025-03-04T20:18:45.907Z] [unzip] Processing entry: client/assets/provider-icons/auth_service_apple.svg
[debug] [2025-03-04T20:18:45.907Z] [unzip] else mkdir: /Users/T/.cache/firebase/emulators/ui-v1.14.0/client/assets/provider-icons
[debug] [2025-03-04T20:18:45.907Z] [unzip] deflating: /Users/T/.cache/firebase/emulators/ui-v1.14.0/client/assets/provider-icons/auth_service_apple.svg
[debug] [2025-03-04T20:18:45.908Z] [unzip] Entry: client/assets/provider-icons/auth_service_github.svg (compressed_size=466 bytes, uncompressed_size=838 bytes)
[debug] [2025-03-04T20:18:45.908Z] [unzip] Processing entry: client/assets/provider-icons/auth_service_github.svg
[debug] [2025-03-04T20:18:45.908Z] [unzip] else mkdir: /Users/T/.cache/firebase/emulators/ui-v1.14.0/client/assets/provider-icons
[debug] [2025-03-04T20:18:45.908Z] [unzip] deflating: /Users/T/.cache/firebase/emulators/ui-v1.14.0/client/assets/provider-icons/auth_service_github.svg
[debug] [2025-03-04T20:18:45.908Z] [unzip] Entry: client/assets/provider-icons/auth_service_mslive.svg (compressed_size=203 bytes, uncompressed_size=378 bytes)
[debug] [2025-03-04T20:18:45.908Z] [unzip] Processing entry: client/assets/provider-icons/auth_service_mslive.svg
[debug] [2025-03-04T20:18:45.908Z] [unzip] else mkdir: /Users/T/.cache/firebase/emulators/ui-v1.14.0/client/assets/provider-icons
[debug] [2025-03-04T20:18:45.908Z] [unzip] deflating: /Users/T/.cache/firebase/emulators/ui-v1.14.0/client/assets/provider-icons/auth_service_mslive.svg
[debug] [2025-03-04T20:18:45.909Z] [unzip] Entry: client/assets/provider-icons/auth_service_yahoo.svg (compressed_size=577 bytes, uncompressed_size=1182 bytes)
[debug] [2025-03-04T20:18:45.909Z] [unzip] Processing entry: client/assets/provider-icons/auth_service_yahoo.svg
[debug] [2025-03-04T20:18:45.909Z] [unzip] else mkdir: /Users/T/.cache/firebase/emulators/ui-v1.14.0/client/assets/provider-icons
[debug] [2025-03-04T20:18:45.909Z] [unzip] deflating: /Users/T/.cache/firebase/emulators/ui-v1.14.0/client/assets/provider-icons/auth_service_yahoo.svg
[debug] [2025-03-04T20:18:45.909Z] [unzip] Entry: client/assets/provider-icons/auth_service_twitter.svg (compressed_size=444 bytes, uncompressed_size=751 bytes)
[debug] [2025-03-04T20:18:45.909Z] [unzip] Processing entry: client/assets/provider-icons/auth_service_twitter.svg
[debug] [2025-03-04T20:18:45.909Z] [unzip] else mkdir: /Users/T/.cache/firebase/emulators/ui-v1.14.0/client/assets/provider-icons
[debug] [2025-03-04T20:18:45.909Z] [unzip] deflating: /Users/T/.cache/firebase/emulators/ui-v1.14.0/client/assets/provider-icons/auth_service_twitter.svg
[debug] [2025-03-04T20:18:45.910Z] [unzip] Entry: client/assets/provider-icons/auth_service_play_games.svg (compressed_size=565 bytes, uncompressed_size=1173 bytes)
[debug] [2025-03-04T20:18:45.910Z] [unzip] Processing entry: client/assets/provider-icons/auth_service_play_games.svg
[debug] [2025-03-04T20:18:45.910Z] [unzip] else mkdir: /Users/T/.cache/firebase/emulators/ui-v1.14.0/client/assets/provider-icons
[debug] [2025-03-04T20:18:45.910Z] [unzip] deflating: /Users/T/.cache/firebase/emulators/ui-v1.14.0/client/assets/provider-icons/auth_service_play_games.svg
[debug] [2025-03-04T20:18:45.910Z] [unzip] Entry: client/assets/provider-icons/auth_service_email.svg (compressed_size=228 bytes, uncompressed_size=326 bytes)
[debug] [2025-03-04T20:18:45.910Z] [unzip] Processing entry: client/assets/provider-icons/auth_service_email.svg
[debug] [2025-03-04T20:18:45.910Z] [unzip] else mkdir: /Users/T/.cache/firebase/emulators/ui-v1.14.0/client/assets/provider-icons
[debug] [2025-03-04T20:18:45.910Z] [unzip] deflating: /Users/T/.cache/firebase/emulators/ui-v1.14.0/client/assets/provider-icons/auth_service_email.svg
[debug] [2025-03-04T20:18:45.911Z] [unzip] Entry: client/assets/provider-icons/auth_service_google.svg (compressed_size=409 bytes, uncompressed_size=720 bytes)
[debug] [2025-03-04T20:18:45.911Z] [unzip] Processing entry: client/assets/provider-icons/auth_service_google.svg
[debug] [2025-03-04T20:18:45.911Z] [unzip] else mkdir: /Users/T/.cache/firebase/emulators/ui-v1.14.0/client/assets/provider-icons
[debug] [2025-03-04T20:18:45.911Z] [unzip] deflating: /Users/T/.cache/firebase/emulators/ui-v1.14.0/client/assets/provider-icons/auth_service_google.svg
[debug] [2025-03-04T20:18:45.911Z] [unzip] Entry: client/assets/provider-icons/auth_service_oidc.svg (compressed_size=414 bytes, uncompressed_size=858 bytes)
[debug] [2025-03-04T20:18:45.911Z] [unzip] Processing entry: client/assets/provider-icons/auth_service_oidc.svg
[debug] [2025-03-04T20:18:45.911Z] [unzip] else mkdir: /Users/T/.cache/firebase/emulators/ui-v1.14.0/client/assets/provider-icons
[debug] [2025-03-04T20:18:45.911Z] [unzip] deflating: /Users/T/.cache/firebase/emulators/ui-v1.14.0/client/assets/provider-icons/auth_service_oidc.svg
[debug] [2025-03-04T20:18:45.912Z] [unzip] Entry: client/browserconfig.xml (compressed_size=491 bytes, uncompressed_size=822 bytes)
[debug] [2025-03-04T20:18:45.912Z] [unzip] Processing entry: client/browserconfig.xml
[debug] [2025-03-04T20:18:45.912Z] [unzip] else mkdir: /Users/T/.cache/firebase/emulators/ui-v1.14.0/client
[debug] [2025-03-04T20:18:45.912Z] [unzip] deflating: /Users/T/.cache/firebase/emulators/ui-v1.14.0/client/browserconfig.xml
[debug] [2025-03-04T20:18:45.912Z] [unzip] Entry: client/favicon-32x32.png (compressed_size=475 bytes, uncompressed_size=475 bytes)
[debug] [2025-03-04T20:18:45.912Z] [unzip] Processing entry: client/favicon-32x32.png
[debug] [2025-03-04T20:18:45.912Z] [unzip] else mkdir: /Users/T/.cache/firebase/emulators/ui-v1.14.0/client
[debug] [2025-03-04T20:18:45.912Z] [unzip] Writing file: /Users/T/.cache/firebase/emulators/ui-v1.14.0/client/favicon-32x32.png
[debug] [2025-03-04T20:18:45.912Z] [unzip] Entry: server/ (compressed_size=0 bytes, uncompressed_size=0 bytes)
[debug] [2025-03-04T20:18:45.912Z] [unzip] Processing entry: server/
[debug] [2025-03-04T20:18:45.912Z] [unzip] mkdir: /Users/T/.cache/firebase/emulators/ui-v1.14.0/server/
[debug] [2025-03-04T20:18:45.912Z] [unzip] Entry: server/server.mjs.map (compressed_size=296496 bytes, uncompressed_size=1355667 bytes)
[debug] [2025-03-04T20:18:45.912Z] [unzip] Processing entry: server/server.mjs.map
[debug] [2025-03-04T20:18:45.912Z] [unzip] else mkdir: /Users/T/.cache/firebase/emulators/ui-v1.14.0/server
[debug] [2025-03-04T20:18:45.912Z] [unzip] deflating: /Users/T/.cache/firebase/emulators/ui-v1.14.0/server/server.mjs.map
[debug] [2025-03-04T20:18:45.917Z] [unzip] Entry: server/server.mjs (compressed_size=315701 bytes, uncompressed_size=1172682 bytes)
[debug] [2025-03-04T20:18:45.917Z] [unzip] Processing entry: server/server.mjs
[debug] [2025-03-04T20:18:45.917Z] [unzip] else mkdir: /Users/T/.cache/firebase/emulators/ui-v1.14.0/server
[debug] [2025-03-04T20:18:45.917Z] [unzip] deflating: /Users/T/.cache/firebase/emulators/ui-v1.14.0/server/server.mjs
[debug] [2025-03-04T20:18:45.921Z] [unzip] Entry: server/assets/ (compressed_size=0 bytes, uncompressed_size=0 bytes)
[debug] [2025-03-04T20:18:45.922Z] [unzip] Processing entry: server/assets/
[debug] [2025-03-04T20:18:45.922Z] [unzip] mkdir: /Users/T/.cache/firebase/emulators/ui-v1.14.0/server/assets/
[debug] [2025-03-04T20:18:45.922Z] [unzip] Entry: server/assets/multipart-parser-DGCUZdXu.mjs.map (compressed_size=4791 bytes, uncompressed_size=17918 bytes)
[debug] [2025-03-04T20:18:45.922Z] [unzip] Processing entry: server/assets/multipart-parser-DGCUZdXu.mjs.map
[debug] [2025-03-04T20:18:45.922Z] [unzip] else mkdir: /Users/T/.cache/firebase/emulators/ui-v1.14.0/server/assets
[debug] [2025-03-04T20:18:45.922Z] [unzip] deflating: /Users/T/.cache/firebase/emulators/ui-v1.14.0/server/assets/multipart-parser-DGCUZdXu.mjs.map
[debug] [2025-03-04T20:18:45.922Z] [unzip] Entry: server/assets/multipart-parser-DGCUZdXu.mjs (compressed_size=2621 bytes, uncompressed_size=10390 bytes)
[debug] [2025-03-04T20:18:45.922Z] [unzip] Processing entry: server/assets/multipart-parser-DGCUZdXu.mjs
[debug] [2025-03-04T20:18:45.922Z] [unzip] else mkdir: /Users/T/.cache/firebase/emulators/ui-v1.14.0/server/assets
[debug] [2025-03-04T20:18:45.923Z] [unzip] deflating: /Users/T/.cache/firebase/emulators/ui-v1.14.0/server/assets/multipart-parser-DGCUZdXu.mjs
[debug] [2025-03-04T20:18:45.926Z] Could not find VSCode notification endpoint: FetchError: request to http://localhost:40001/vscode/notify failed, reason: . If you are not running the Firebase Data Connect VSCode extension, this is expected and not an issue.
[info] 
┌─────────────────────────────────────────────────────────────┐
│ ✔  All emulators ready! It is now safe to connect your app. │
│ i  View Emulator UI at http://127.0.0.1:4000/               │
└─────────────────────────────────────────────────────────────┘

┌────────────────┬────────────────┬─────────────────────────────────┐
│ Emulator       │ Host:Port      │ View in Emulator UI             │
├────────────────┼────────────────┼─────────────────────────────────┤
│ Authentication │ 127.0.0.1:9099 │ http://127.0.0.1:4000/auth      │
├────────────────┼────────────────┼─────────────────────────────────┤
│ Firestore      │ 127.0.0.1:8080 │ http://127.0.0.1:4000/firestore │
└────────────────┴────────────────┴─────────────────────────────────┘
  Emulator Hub host: 127.0.0.1 port: 4400
  Other reserved ports: 4500, 9150

Issues? Report them at https://github.com/firebase/firebase-tools/issues and attach the *-debug.log files.
 
